[0110/083233.681:ERROR:process_info.cc(617)] range at 0x5e4c53e000, size 0x2000 fully unreadable
[0110/083233.766:ERROR:process_info.cc(617)] range at 0x7ff7895e6000, size 0x1788 fully unreadable
[0110/083234.282:ERROR:http_transport_win.cc(276)] WinHttpSendRequest: La operación se completó correctamente. (0x0)
[0110/171325.124:ERROR:process_info.cc(617)] range at 0x20d399e000, size 0x2000 fully unreadable
[0110/171325.125:ERROR:process_info.cc(617)] range at 0x7ff789592000, size 0x1788 fully unreadable
[0110/171325.125:ERROR:process_info.cc(617)] range at 0x20d419e000, size 0x2000 fully unreadable
[0110/171325.125:ERROR:process_info.cc(617)] range at 0x7ff789590000, size 0x1788 fully unreadable
[0110/171325.125:ERROR:process_info.cc(617)] range at 0x20d499e000, size 0x2000 fully unreadable
[0110/171325.125:ERROR:process_info.cc(617)] range at 0x7ff78958e000, size 0x1788 fully unreadable
[0110/171325.125:ERROR:process_info.cc(617)] range at 0x20d519e000, size 0x2000 fully unreadable
[0110/171325.125:ERROR:process_info.cc(617)] range at 0x7ff78958c000, size 0x1788 fully unreadable
[0110/171325.125:ERROR:process_info.cc(617)] range at 0x20d599e000, size 0x2000 fully unreadable
[0110/171325.125:ERROR:process_info.cc(617)] range at 0x7ff78958a000, size 0x1788 fully unreadable
[0110/171325.125:ERROR:process_info.cc(617)] range at 0x20d619e000, size 0x2000 fully unreadable
[0110/171325.125:ERROR:process_info.cc(617)] range at 0x7ff789588000, size 0x1788 fully unreadable
[0110/171325.125:ERROR:process_info.cc(617)] range at 0x20d699e000, size 0x2000 fully unreadable
[0110/171325.125:ERROR:process_info.cc(617)] range at 0x7ff789586000, size 0x1788 fully unreadable
[0110/171325.125:ERROR:process_info.cc(617)] range at 0x20d719e000, size 0x2000 fully unreadable
[0110/171325.125:ERROR:process_info.cc(617)] range at 0x7ff789584000, size 0x1788 fully unreadable
[0110/171325.125:ERROR:process_info.cc(617)] range at 0x20d799e000, size 0x2000 fully unreadable
[0110/171325.125:ERROR:process_info.cc(617)] range at 0x7ff789582000, size 0x1788 fully unreadable
[0110/171325.125:ERROR:process_info.cc(617)] range at 0x20d819e000, size 0x2000 fully unreadable
[0110/171325.125:ERROR:process_info.cc(617)] range at 0x7ff789580000, size 0x1788 fully unreadable
[0110/171325.125:ERROR:process_info.cc(617)] range at 0x20d899e000, size 0x2000 fully unreadable
[0110/171325.125:ERROR:process_info.cc(617)] range at 0x7ff78957e000, size 0x1788 fully unreadable
[0110/171325.125:ERROR:process_info.cc(617)] range at 0x20d919e000, size 0x2000 fully unreadable
[0110/171325.126:ERROR:process_info.cc(617)] range at 0x7ff78957c000, size 0x1788 fully unreadable
[0110/171325.126:ERROR:process_info.cc(617)] range at 0x20d999e000, size 0x2000 fully unreadable
[0110/171325.126:ERROR:process_info.cc(617)] range at 0x7ff78957a000, size 0x1788 fully unreadable
[0110/171325.126:ERROR:process_info.cc(617)] range at 0x20da19e000, size 0x2000 fully unreadable
[0110/171325.126:ERROR:process_info.cc(617)] range at 0x7ff789578000, size 0x1788 fully unreadable
[0110/171325.126:ERROR:process_info.cc(617)] range at 0x20da99e000, size 0x2000 fully unreadable
[0110/171325.126:ERROR:process_info.cc(617)] range at 0x7ff789576000, size 0x1788 fully unreadable
[0110/171325.191:ERROR:http_transport_win.cc(276)] WinHttpSendRequest: La operación se completó correctamente. (0x0)
[0116/045638.237:ERROR:process_info.cc(617)] range at 0xbf2602e000, size 0x2000 fully unreadable
[0116/045638.277:ERROR:process_info.cc(617)] range at 0x7ff7891d2000, size 0x1788 fully unreadable
[0116/045638.277:ERROR:process_info.cc(617)] range at 0xbf2682e000, size 0x2000 fully unreadable
[0116/045638.277:ERROR:process_info.cc(617)] range at 0x7ff7891d0000, size 0x1788 fully unreadable
[0116/045648.825:ERROR:http_transport_win.cc(276)] WinHttpSendRequest: La operación se completó correctamente. (0x0)
[0119/052204.034:ERROR:process_info.cc(617)] range at 0x57604fe000, size 0x2000 fully unreadable
[0119/052204.284:ERROR:process_info.cc(617)] range at 0x7ff788e90000, size 0x1788 fully unreadable
[0130/021807.863:ERROR:process_info.cc(617)] range at 0xa51cbee000, size 0x2000 fully unreadable
[0130/021832.798:ERROR:http_transport_win.cc(363)] WinHttpReceiveResponse: La operación se completó correctamente. (0x0)
[1029/110520.091:ERROR:directory_reader_win.cc(43)] FindFirstFile: El sistema no puede encontrar la ruta especificada. (0x3)
[0125/152015.465:ERROR:file_io_win.cc(244)] SetEndOfFile: La operación solicitada no se puede realizar en un archivo con una sección asignada a usuario abierta. (0x4C8)
